{"/home/runner/work/action-monday-state/action-monday-state/src/monday.js": {"path":"/home/runner/work/action-monday-state/action-monday-state/src/monday.js","statementMap":{"0":{"start":{"line":7,"column":15},"end":{"line":7,"column":26}},"1":{"start":{"line":14,"column":2},"end":{"line":14,"column":49}},"2":{"start":{"line":15,"column":2},"end":{"line":15,"column":25}},"3":{"start":{"line":24,"column":2},"end":{"line":24,"column":33}},"4":{"start":{"line":24,"column":17},"end":{"line":24,"column":31}},"5":{"start":{"line":25,"column":2},"end":{"line":27,"column":28}},"6":{"start":{"line":39,"column":14},"end":{"line":39,"column":54}},"7":{"start":{"line":40,"column":14},"end":{"line":40,"column":54}},"8":{"start":{"line":41,"column":16},"end":{"line":41,"column":33}},"9":{"start":{"line":42,"column":18},"end":{"line":42,"column":39}},"10":{"start":{"line":44,"column":16},"end":{"line":44,"column":37}},"11":{"start":{"line":45,"column":16},"end":{"line":45,"column":42}},"12":{"start":{"line":46,"column":16},"end":{"line":46,"column":33}},"13":{"start":{"line":48,"column":2},"end":{"line":48,"column":78}},"14":{"start":{"line":49,"column":2},"end":{"line":54,"column":4}},"15":{"start":{"line":50,"column":12},"end":{"line":50,"column":17}},"16":{"start":{"line":51,"column":4},"end":{"line":51,"column":47}},"17":{"start":{"line":51,"column":18},"end":{"line":51,"column":45}},"18":{"start":{"line":52,"column":4},"end":{"line":52,"column":63}},"19":{"start":{"line":52,"column":19},"end":{"line":52,"column":61}},"20":{"start":{"line":53,"column":4},"end":{"line":53,"column":13}},"21":{"start":{"line":55,"column":2},"end":{"line":55,"column":38}},"22":{"start":{"line":55,"column":16},"end":{"line":55,"column":36}},"23":{"start":{"line":56,"column":2},"end":{"line":56,"column":31}},"24":{"start":{"line":65,"column":21},"end":{"line":69,"column":5}},"25":{"start":{"line":70,"column":18},"end":{"line":70,"column":76}},"26":{"start":{"line":71,"column":2},"end":{"line":71,"column":144}},"27":{"start":{"line":72,"column":2},"end":{"line":72,"column":17}},"28":{"start":{"line":82,"column":22},"end":{"line":86,"column":5}},"29":{"start":{"line":87,"column":18},"end":{"line":87,"column":60}},"30":{"start":{"line":88,"column":2},"end":{"line":88,"column":131}},"31":{"start":{"line":89,"column":24},"end":{"line":89,"column":72}},"32":{"start":{"line":89,"column":46},"end":{"line":89,"column":71}},"33":{"start":{"line":90,"column":2},"end":{"line":90,"column":144}},"34":{"start":{"line":91,"column":2},"end":{"line":91,"column":26}},"35":{"start":{"line":103,"column":24},"end":{"line":107,"column":72}},"36":{"start":{"line":108,"column":20},"end":{"line":108,"column":88}},"37":{"start":{"line":109,"column":2},"end":{"line":109,"column":133}},"38":{"start":{"line":110,"column":2},"end":{"line":110,"column":19}},"39":{"start":{"line":136,"column":2},"end":{"line":136,"column":29}},"40":{"start":{"line":137,"column":2},"end":{"line":137,"column":38}},"41":{"start":{"line":139,"column":18},"end":{"line":139,"column":67}},"42":{"start":{"line":140,"column":2},"end":{"line":140,"column":75}},"43":{"start":{"line":142,"column":2},"end":{"line":153,"column":6}},"44":{"start":{"line":143,"column":20},"end":{"line":143,"column":45}},"45":{"start":{"line":144,"column":4},"end":{"line":144,"column":76}},"46":{"start":{"line":146,"column":21},"end":{"line":146,"column":88}},"47":{"start":{"line":147,"column":4},"end":{"line":147,"column":46}},"48":{"start":{"line":149,"column":22},"end":{"line":149,"column":79}},"49":{"start":{"line":150,"column":4},"end":{"line":150,"column":49}},"50":{"start":{"line":152,"column":4},"end":{"line":152,"column":18}},"51":{"start":{"line":155,"column":2},"end":{"line":155,"column":17}}},"fnMap":{"0":{"name":"initializeSdk","decl":{"start":{"line":13,"column":9},"end":{"line":13,"column":22}},"loc":{"start":{"line":13,"column":30},"end":{"line":16,"column":1}},"line":13},"1":{"name":"escapeStringRegexp","decl":{"start":{"line":23,"column":9},"end":{"line":23,"column":27}},"loc":{"start":{"line":23,"column":36},"end":{"line":28,"column":1}},"line":23},"2":{"name":"parseItemIds","decl":{"start":{"line":38,"column":9},"end":{"line":38,"column":21}},"loc":{"start":{"line":38,"column":64},"end":{"line":57,"column":1}},"line":38},"3":{"name":"(anonymous_3)","decl":{"start":{"line":49,"column":24},"end":{"line":49,"column":25}},"loc":{"start":{"line":49,"column":35},"end":{"line":54,"column":3}},"line":49},"4":{"name":"boardByItem","decl":{"start":{"line":64,"column":15},"end":{"line":64,"column":26}},"loc":{"start":{"line":64,"column":35},"end":{"line":73,"column":1}},"line":64},"5":{"name":"columnIdByTitle","decl":{"start":{"line":81,"column":15},"end":{"line":81,"column":30}},"loc":{"start":{"line":81,"column":53},"end":{"line":92,"column":1}},"line":81},"6":{"name":"(anonymous_6)","decl":{"start":{"line":89,"column":37},"end":{"line":89,"column":38}},"loc":{"start":{"line":89,"column":46},"end":{"line":89,"column":71}},"line":89},"7":{"name":"updateItemStatus","decl":{"start":{"line":102,"column":15},"end":{"line":102,"column":31}},"loc":{"start":{"line":102,"column":73},"end":{"line":111,"column":1}},"line":102},"8":{"name":"action","decl":{"start":{"line":126,"column":22},"end":{"line":126,"column":28}},"loc":{"start":{"line":135,"column":3},"end":{"line":156,"column":1}},"line":135},"9":{"name":"(anonymous_9)","decl":{"start":{"line":142,"column":32},"end":{"line":142,"column":33}},"loc":{"start":{"line":142,"column":50},"end":{"line":153,"column":3}},"line":142}},"branchMap":{"0":{"loc":{"start":{"line":24,"column":2},"end":{"line":24,"column":33}},"type":"if","locations":[{"start":{"line":24,"column":2},"end":{"line":24,"column":33}},{"start":{},"end":{}}],"line":24},"1":{"loc":{"start":{"line":38,"column":28},"end":{"line":38,"column":62}},"type":"default-arg","locations":[{"start":{"line":38,"column":60},"end":{"line":38,"column":62}}],"line":38},"2":{"loc":{"start":{"line":39,"column":14},"end":{"line":39,"column":54}},"type":"binary-expr","locations":[{"start":{"line":39,"column":14},"end":{"line":39,"column":40}},{"start":{"line":39,"column":44},"end":{"line":39,"column":54}}],"line":39},"3":{"loc":{"start":{"line":40,"column":14},"end":{"line":40,"column":54}},"type":"binary-expr","locations":[{"start":{"line":40,"column":14},"end":{"line":40,"column":41}},{"start":{"line":40,"column":45},"end":{"line":40,"column":54}}],"line":40},"4":{"loc":{"start":{"line":41,"column":16},"end":{"line":41,"column":33}},"type":"binary-expr","locations":[{"start":{"line":41,"column":16},"end":{"line":41,"column":24}},{"start":{"line":41,"column":28},"end":{"line":41,"column":33}}],"line":41},"5":{"loc":{"start":{"line":44,"column":16},"end":{"line":44,"column":37}},"type":"cond-expr","locations":[{"start":{"line":44,"column":27},"end":{"line":44,"column":32}},{"start":{"line":44,"column":35},"end":{"line":44,"column":37}}],"line":44},"6":{"loc":{"start":{"line":48,"column":12},"end":{"line":48,"column":41}},"type":"binary-expr","locations":[{"start":{"line":48,"column":12},"end":{"line":48,"column":19}},{"start":{"line":48,"column":23},"end":{"line":48,"column":41}}],"line":48},"7":{"loc":{"start":{"line":51,"column":4},"end":{"line":51,"column":47}},"type":"if","locations":[{"start":{"line":51,"column":4},"end":{"line":51,"column":47}},{"start":{},"end":{}}],"line":51},"8":{"loc":{"start":{"line":52,"column":4},"end":{"line":52,"column":63}},"type":"if","locations":[{"start":{"line":52,"column":4},"end":{"line":52,"column":63}},{"start":{},"end":{}}],"line":52},"9":{"loc":{"start":{"line":55,"column":2},"end":{"line":55,"column":38}},"type":"if","locations":[{"start":{"line":55,"column":2},"end":{"line":55,"column":38}},{"start":{},"end":{}}],"line":55},"10":{"loc":{"start":{"line":146,"column":21},"end":{"line":146,"column":88}},"type":"binary-expr","locations":[{"start":{"line":146,"column":21},"end":{"line":146,"column":35}},{"start":{"line":146,"column":39},"end":{"line":146,"column":88}}],"line":146}},"s":{"0":1,"1":2,"2":2,"3":22,"4":18,"5":4,"6":11,"7":11,"8":11,"9":11,"10":11,"11":11,"12":11,"13":11,"14":8,"15":10,"16":10,"17":2,"18":10,"19":2,"20":10,"21":8,"22":6,"23":2,"24":3,"25":3,"26":3,"27":2,"28":3,"29":3,"30":3,"31":3,"32":7,"33":3,"34":2,"35":3,"36":3,"37":3,"38":3,"39":1,"40":1,"41":1,"42":1,"43":1,"44":1,"45":1,"46":1,"47":1,"48":1,"49":1,"50":1,"51":1},"f":{"0":2,"1":22,"2":11,"3":10,"4":3,"5":3,"6":7,"7":3,"8":1,"9":1},"b":{"0":[18,4],"1":[6],"2":[11,9],"3":[11,9],"4":[11,9],"5":[2,9],"6":[11,8],"7":[2,8],"8":[2,8],"9":[6,2],"10":[1,1]},"_coverageSchema":"1a1c01bbd47fc00a2c39e90264f33305004495a9","hash":"769d0be79943c6b7d37a94893226a979c3ce6795"}
}
