{"/home/runner/work/action-monday-state/action-monday-state/src/monday.js": {"path":"/home/runner/work/action-monday-state/action-monday-state/src/monday.js","statementMap":{"0":{"start":{"line":6,"column":15},"end":{"line":6,"column":26}},"1":{"start":{"line":9,"column":2},"end":{"line":9,"column":49}},"2":{"start":{"line":10,"column":2},"end":{"line":10,"column":25}},"3":{"start":{"line":14,"column":2},"end":{"line":14,"column":33}},"4":{"start":{"line":14,"column":17},"end":{"line":14,"column":31}},"5":{"start":{"line":15,"column":2},"end":{"line":17,"column":28}},"6":{"start":{"line":21,"column":14},"end":{"line":21,"column":54}},"7":{"start":{"line":22,"column":14},"end":{"line":22,"column":54}},"8":{"start":{"line":23,"column":18},"end":{"line":23,"column":39}},"9":{"start":{"line":24,"column":16},"end":{"line":24,"column":35}},"10":{"start":{"line":25,"column":18},"end":{"line":25,"column":35}},"11":{"start":{"line":26,"column":2},"end":{"line":26,"column":78}},"12":{"start":{"line":27,"column":14},"end":{"line":27,"column":24}},"13":{"start":{"line":28,"column":2},"end":{"line":28,"column":53}},"14":{"start":{"line":28,"column":16},"end":{"line":28,"column":51}},"15":{"start":{"line":29,"column":2},"end":{"line":29,"column":73}},"16":{"start":{"line":29,"column":17},"end":{"line":29,"column":71}},"17":{"start":{"line":30,"column":2},"end":{"line":30,"column":15}},"18":{"start":{"line":34,"column":21},"end":{"line":38,"column":5}},"19":{"start":{"line":39,"column":18},"end":{"line":39,"column":76}},"20":{"start":{"line":40,"column":2},"end":{"line":40,"column":144}},"21":{"start":{"line":41,"column":2},"end":{"line":41,"column":17}},"22":{"start":{"line":45,"column":22},"end":{"line":49,"column":5}},"23":{"start":{"line":50,"column":18},"end":{"line":50,"column":60}},"24":{"start":{"line":51,"column":2},"end":{"line":51,"column":131}},"25":{"start":{"line":52,"column":24},"end":{"line":52,"column":72}},"26":{"start":{"line":52,"column":46},"end":{"line":52,"column":71}},"27":{"start":{"line":53,"column":2},"end":{"line":53,"column":144}},"28":{"start":{"line":54,"column":2},"end":{"line":54,"column":26}},"29":{"start":{"line":58,"column":24},"end":{"line":62,"column":72}},"30":{"start":{"line":63,"column":20},"end":{"line":63,"column":88}},"31":{"start":{"line":64,"column":2},"end":{"line":64,"column":133}},"32":{"start":{"line":65,"column":2},"end":{"line":65,"column":19}}},"fnMap":{"0":{"name":"initializeSdk","decl":{"start":{"line":8,"column":9},"end":{"line":8,"column":22}},"loc":{"start":{"line":8,"column":30},"end":{"line":11,"column":1}},"line":8},"1":{"name":"escapeStringRegexp","decl":{"start":{"line":13,"column":9},"end":{"line":13,"column":27}},"loc":{"start":{"line":13,"column":36},"end":{"line":18,"column":1}},"line":13},"2":{"name":"parseItemId","decl":{"start":{"line":20,"column":9},"end":{"line":20,"column":20}},"loc":{"start":{"line":20,"column":53},"end":{"line":31,"column":1}},"line":20},"3":{"name":"boardByItem","decl":{"start":{"line":33,"column":15},"end":{"line":33,"column":26}},"loc":{"start":{"line":33,"column":35},"end":{"line":42,"column":1}},"line":33},"4":{"name":"columnIdByTitle","decl":{"start":{"line":44,"column":15},"end":{"line":44,"column":30}},"loc":{"start":{"line":44,"column":53},"end":{"line":55,"column":1}},"line":44},"5":{"name":"(anonymous_5)","decl":{"start":{"line":52,"column":37},"end":{"line":52,"column":38}},"loc":{"start":{"line":52,"column":46},"end":{"line":52,"column":71}},"line":52},"6":{"name":"updateItemStatus","decl":{"start":{"line":57,"column":15},"end":{"line":57,"column":31}},"loc":{"start":{"line":57,"column":73},"end":{"line":66,"column":1}},"line":57}},"branchMap":{"0":{"loc":{"start":{"line":14,"column":2},"end":{"line":14,"column":33}},"type":"if","locations":[{"start":{"line":14,"column":2},"end":{"line":14,"column":33}},{"start":{},"end":{}}],"line":14},"1":{"loc":{"start":{"line":20,"column":27},"end":{"line":20,"column":51}},"type":"default-arg","locations":[{"start":{"line":20,"column":49},"end":{"line":20,"column":51}}],"line":20},"2":{"loc":{"start":{"line":21,"column":14},"end":{"line":21,"column":54}},"type":"binary-expr","locations":[{"start":{"line":21,"column":14},"end":{"line":21,"column":40}},{"start":{"line":21,"column":44},"end":{"line":21,"column":54}}],"line":21},"3":{"loc":{"start":{"line":22,"column":14},"end":{"line":22,"column":54}},"type":"binary-expr","locations":[{"start":{"line":22,"column":14},"end":{"line":22,"column":41}},{"start":{"line":22,"column":45},"end":{"line":22,"column":54}}],"line":22},"4":{"loc":{"start":{"line":26,"column":12},"end":{"line":26,"column":41}},"type":"binary-expr","locations":[{"start":{"line":26,"column":12},"end":{"line":26,"column":19}},{"start":{"line":26,"column":23},"end":{"line":26,"column":41}}],"line":26},"5":{"loc":{"start":{"line":28,"column":2},"end":{"line":28,"column":53}},"type":"if","locations":[{"start":{"line":28,"column":2},"end":{"line":28,"column":53}},{"start":{},"end":{}}],"line":28},"6":{"loc":{"start":{"line":29,"column":2},"end":{"line":29,"column":73}},"type":"if","locations":[{"start":{"line":29,"column":2},"end":{"line":29,"column":73}},{"start":{},"end":{}}],"line":29}},"s":{"0":1,"1":1,"2":1,"3":16,"4":12,"5":4,"6":8,"7":8,"8":8,"9":8,"10":8,"11":8,"12":5,"13":5,"14":2,"15":5,"16":2,"17":5,"18":2,"19":2,"20":2,"21":1,"22":2,"23":2,"24":2,"25":2,"26":5,"27":2,"28":1,"29":2,"30":2,"31":2,"32":2},"f":{"0":1,"1":16,"2":8,"3":2,"4":2,"5":5,"6":2},"b":{"0":[12,4],"1":[6],"2":[8,6],"3":[8,6],"4":[8,5],"5":[2,3],"6":[2,3]},"_coverageSchema":"1a1c01bbd47fc00a2c39e90264f33305004495a9","hash":"44711aba3a764a2b186ce1645322d01bcd6dfc40"}
}
