TN:
SF:src/monday.js
FN:13,initializeSdk
FN:23,escapeStringRegexp
FN:38,parseItemIds
FN:49,(anonymous_3)
FN:64,boardByItem
FN:81,columnIdByTitle
FN:89,(anonymous_6)
FN:100,getItemStatus
FN:117,getItemName
FN:135,updateItemStatus
FN:162,action
FN:190,(anonymous_11)
FNF:12
FNH:12
FNDA:2,initializeSdk
FNDA:22,escapeStringRegexp
FNDA:11,parseItemIds
FNDA:10,(anonymous_3)
FNDA:3,boardByItem
FNDA:3,columnIdByTitle
FNDA:7,(anonymous_6)
FNDA:2,getItemStatus
FNDA:2,getItemName
FNDA:3,updateItemStatus
FNDA:1,action
FNDA:1,(anonymous_11)
DA:7,1
DA:14,2
DA:15,2
DA:24,22
DA:25,4
DA:39,11
DA:40,11
DA:41,11
DA:42,11
DA:44,11
DA:45,11
DA:46,11
DA:48,11
DA:49,8
DA:50,10
DA:51,10
DA:52,10
DA:53,10
DA:55,8
DA:56,2
DA:65,3
DA:70,3
DA:71,3
DA:72,2
DA:82,3
DA:87,3
DA:88,3
DA:89,7
DA:90,3
DA:91,2
DA:101,2
DA:108,2
DA:109,2
DA:118,2
DA:123,2
DA:124,2
DA:136,3
DA:141,3
DA:142,3
DA:143,3
DA:175,1
DA:176,1
DA:179,1
DA:180,1
DA:182,0
DA:183,0
DA:185,1
DA:187,1
DA:188,1
DA:190,1
DA:191,1
DA:192,1
DA:194,1
DA:195,1
DA:197,1
DA:199,1
DA:201,1
DA:202,1
DA:204,1
DA:206,1
DA:207,1
DA:208,1
DA:211,1
DA:212,1
LF:64
LH:62
BRDA:24,0,0,18
BRDA:24,0,1,4
BRDA:38,1,0,6
BRDA:39,2,0,11
BRDA:39,2,1,9
BRDA:40,3,0,11
BRDA:40,3,1,9
BRDA:41,4,0,11
BRDA:41,4,1,9
BRDA:44,5,0,2
BRDA:44,5,1,9
BRDA:48,6,0,11
BRDA:48,6,1,8
BRDA:51,7,0,2
BRDA:51,7,1,8
BRDA:52,8,0,2
BRDA:52,8,1,8
BRDA:55,9,0,6
BRDA:55,9,1,2
BRDA:109,10,0,2
BRDA:109,10,1,1
BRDA:124,11,0,2
BRDA:124,11,1,0
BRDA:182,12,0,0
BRDA:182,12,1,0
BRDA:194,13,0,1
BRDA:194,13,1,1
BRDA:197,14,0,0
BRDA:197,14,1,1
BRDA:199,15,0,0
BRDA:199,15,1,1
BRDA:199,16,0,1
BRDA:199,16,1,0
BRDA:206,17,0,0
BRDA:206,17,1,1
BRF:35
BRH:28
end_of_record
