TN:
SF:src\monday.js
FN:8,initializeSdk
FN:13,escapeStringRegexp
FN:20,parseItemId
FN:33,boardByItem
FN:44,columnIdByTitle
FN:52,(anonymous_5)
FN:57,updateItemStatus
FNF:7
FNH:7
FNDA:1,initializeSdk
FNDA:16,escapeStringRegexp
FNDA:8,parseItemId
FNDA:2,boardByItem
FNDA:2,columnIdByTitle
FNDA:5,(anonymous_5)
FNDA:2,updateItemStatus
DA:6,1
DA:9,1
DA:10,1
DA:14,16
DA:15,4
DA:21,8
DA:22,8
DA:23,8
DA:24,8
DA:25,8
DA:26,8
DA:27,5
DA:28,5
DA:29,5
DA:30,5
DA:34,2
DA:39,2
DA:40,2
DA:41,1
DA:45,2
DA:50,2
DA:51,2
DA:52,5
DA:53,2
DA:54,1
DA:58,2
DA:63,2
DA:64,2
DA:65,2
LF:29
LH:29
BRDA:14,0,0,12
BRDA:14,0,1,4
BRDA:20,1,0,6
BRDA:21,2,0,8
BRDA:21,2,1,6
BRDA:22,3,0,8
BRDA:22,3,1,6
BRDA:26,4,0,8
BRDA:26,4,1,5
BRDA:28,5,0,2
BRDA:28,5,1,3
BRDA:29,6,0,2
BRDA:29,6,1,3
BRF:13
BRH:13
end_of_record
